<?xml version="1.0" encoding="UTF-8"?>
<!-- Generated by org.testng.reporters.JUnitXMLReporter -->
<testsuite ignored="0" hostname="DESKTOP-95FGH62" failures="0" tests="3" name="Default test" time="59.923" errors="0" timestamp="2025-08-02T10:03:00 IST">
  <testcase classname="tests.LoginTests" name="testInvalidLoginShowsErrorMsg" time="28.167">
    <skipped/>
  </testcase> <!-- testInvalidLoginShowsErrorMsg -->
  <testcase classname="tests.LoginTests" name="testLoginButtonDisabledWhenFieldsEmpty" time="5.942"/>
  <testcase classname="tests.LoginTests" name="testPasswordMaskedButton" time="5.656"/>
</testsuite> <!-- Default test -->
